<?xml version="1.0" encoding="UTF-8"?>
<robot generator="Robot 3.2.2 (Python 3.9.1 on win32)" generated="20210228 02:44:36.355" rpa="false">
<suite id="s1" name="TestSuite 5" source="D:\eclipse-workspace\RobotProject5_Tags\Test_5\TestSuite_5.robot">
<kw name="Log" library="BuiltIn" type="setup">
<doc>Logs the given message with the given level.</doc>
<arguments>
<arg>From Test Suite Setup</arg>
</arguments>
<msg timestamp="20210228 02:44:36.545" level="INFO">From Test Suite Setup</msg>
<status status="PASS" starttime="20210228 02:44:36.545" endtime="20210228 02:44:36.545"></status>
</kw>
<test id="s1-t1" name="FirstTC">
<kw name="Log" library="BuiltIn" type="setup">
<doc>Logs the given message with the given level.</doc>
<arguments>
<arg>From Test Setup</arg>
</arguments>
<msg timestamp="20210228 02:44:36.546" level="INFO">From Test Setup</msg>
<status status="PASS" starttime="20210228 02:44:36.546" endtime="20210228 02:44:36.546"></status>
</kw>
<kw name="Log" library="BuiltIn">
<doc>Logs the given message with the given level.</doc>
<arguments>
<arg>From 1st</arg>
</arguments>
<msg timestamp="20210228 02:44:36.546" level="INFO">From 1st</msg>
<status status="PASS" starttime="20210228 02:44:36.546" endtime="20210228 02:44:36.546"></status>
</kw>
<kw name="Log" library="BuiltIn" type="teardown">
<doc>Logs the given message with the given level.</doc>
<arguments>
<arg>From Test Teardown</arg>
</arguments>
<msg timestamp="20210228 02:44:36.547" level="INFO">From Test Teardown</msg>
<status status="PASS" starttime="20210228 02:44:36.547" endtime="20210228 02:44:36.547"></status>
</kw>
<tags>
<tag>regrssion1</tag>
<tag>Smoke</tag>
</tags>
<status status="PASS" starttime="20210228 02:44:36.545" endtime="20210228 02:44:36.547" critical="yes"></status>
</test>
<kw name="Log" library="BuiltIn" type="teardown">
<doc>Logs the given message with the given level.</doc>
<arguments>
<arg>From Test Suite Teardown</arg>
</arguments>
<msg timestamp="20210228 02:44:36.548" level="INFO">From Test Suite Teardown</msg>
<status status="PASS" starttime="20210228 02:44:36.548" endtime="20210228 02:44:36.548"></status>
</kw>
<status status="PASS" starttime="20210228 02:44:36.357" endtime="20210228 02:44:36.548"></status>
</suite>
<statistics>
<total>
<stat pass="1" fail="0">Critical Tests</stat>
<stat pass="1" fail="0">All Tests</stat>
</total>
<tag>
<stat pass="1" fail="0">regrssion1</stat>
<stat pass="1" fail="0">Smoke</stat>
</tag>
<suite>
<stat pass="1" fail="0" id="s1" name="TestSuite 5">TestSuite 5</stat>
</suite>
</statistics>
<errors>
</errors>
</robot>
