<?xml version="1.0" encoding="UTF-8"?>
<robot generator="Robot 3.2.2 (Python 3.9.1 on win32)" generated="20210509 17:56:04.720" rpa="false">
<suite id="s1" name="RobotProject1 FirstScript" source="D:\eclipse-workspace\RobotProject1_FirstScript">
<suite id="s1-s1" name="Test 1" source="D:\eclipse-workspace\RobotProject1_FirstScript\Test_1">
<suite id="s1-s1-s1" name="TestSuite 1" source="D:\eclipse-workspace\RobotProject1_FirstScript\Test_1\TestSuite_1.robot">
<test id="s1-s1-s1-t1" name="MyFirstTest">
<kw name="Log" library="BuiltIn">
<doc>Logs the given message with the given level.</doc>
<arguments>
<arg>Hello World!!!</arg>
</arguments>
<msg timestamp="20210509 17:56:05.034" level="INFO">Hello World!!!</msg>
<status status="PASS" starttime="20210509 17:56:05.034" endtime="20210509 17:56:05.034"></status>
</kw>
<status status="PASS" starttime="20210509 17:56:05.033" endtime="20210509 17:56:05.035" critical="yes"></status>
</test>
<test id="s1-s1-s1-t2" name="FirstSeleniumTest">
<kw name="Open Browser" library="SeleniumLibrary">
<doc>Opens a new browser instance to the optional ``url``.</doc>
<arguments>
<arg>https:google.com</arg>
<arg>chrome</arg>
</arguments>
<msg timestamp="20210509 17:56:05.036" level="INFO">Opening browser 'chrome' to base url 'https:google.com'.</msg>
<status status="PASS" starttime="20210509 17:56:05.036" endtime="20210509 17:56:07.212"></status>
</kw>
<kw name="Set Browser Implicit Wait" library="SeleniumLibrary">
<doc>Sets the implicit wait value used by Selenium.</doc>
<arguments>
<arg>5</arg>
</arguments>
<status status="PASS" starttime="20210509 17:56:07.212" endtime="20210509 17:56:07.216"></status>
</kw>
<kw name="Input Text" library="SeleniumLibrary">
<doc>Types the given ``text`` into the text field identified by ``locator``.</doc>
<arguments>
<arg>name=q</arg>
<arg>Hello World</arg>
</arguments>
<msg timestamp="20210509 17:56:07.217" level="INFO">Typing text 'Hello World' into text field 'name=q'.</msg>
<status status="PASS" starttime="20210509 17:56:07.216" endtime="20210509 17:56:07.355"></status>
</kw>
<kw name="Sleep" library="BuiltIn">
<doc>Pauses the test executed for the given time.</doc>
<arguments>
<arg>2</arg>
</arguments>
<msg timestamp="20210509 17:56:09.361" level="INFO">Slept 2 seconds</msg>
<status status="PASS" starttime="20210509 17:56:07.355" endtime="20210509 17:56:09.361"></status>
</kw>
<kw name="Press Keys" library="SeleniumLibrary">
<doc>Simulates the user pressing key(s) to an element or on the active browser.</doc>
<arguments>
<arg>name=q</arg>
<arg>ENTER</arg>
</arguments>
<msg timestamp="20210509 17:56:09.363" level="INFO">Sending key(s) ('ENTER',) to name=q element.</msg>
<msg timestamp="20210509 17:56:09.656" level="INFO">Pressing special key ENTER to element.</msg>
<msg timestamp="20210509 17:56:09.657" level="INFO">Releasing special key ENTER.</msg>
<status status="PASS" starttime="20210509 17:56:09.362" endtime="20210509 17:56:11.712"></status>
</kw>
<kw name="Sleep" library="BuiltIn">
<doc>Pauses the test executed for the given time.</doc>
<arguments>
<arg>2</arg>
</arguments>
<msg timestamp="20210509 17:56:13.722" level="INFO">Slept 2 seconds</msg>
<status status="PASS" starttime="20210509 17:56:11.712" endtime="20210509 17:56:13.722"></status>
</kw>
<kw name="Close Browser" library="SeleniumLibrary">
<doc>Closes the current browser.</doc>
<status status="PASS" starttime="20210509 17:56:13.722" endtime="20210509 17:56:15.854"></status>
</kw>
<kw name="Log" library="BuiltIn">
<doc>Logs the given message with the given level.</doc>
<arguments>
<arg>Test1 Completed</arg>
</arguments>
<msg timestamp="20210509 17:56:15.856" level="INFO">Test1 Completed</msg>
<status status="PASS" starttime="20210509 17:56:15.855" endtime="20210509 17:56:15.856"></status>
</kw>
<status status="PASS" starttime="20210509 17:56:05.035" endtime="20210509 17:56:15.857" critical="yes"></status>
</test>
<status status="PASS" starttime="20210509 17:56:04.834" endtime="20210509 17:56:15.858"></status>
</suite>
<status status="PASS" starttime="20210509 17:56:04.828" endtime="20210509 17:56:15.861"></status>
</suite>
<status status="PASS" starttime="20210509 17:56:04.806" endtime="20210509 17:56:15.865"></status>
</suite>
<statistics>
<total>
<stat pass="2" fail="0">Critical Tests</stat>
<stat pass="2" fail="0">All Tests</stat>
</total>
<tag>
</tag>
<suite>
<stat pass="2" fail="0" id="s1" name="RobotProject1 FirstScript">RobotProject1 FirstScript</stat>
<stat pass="2" fail="0" id="s1-s1" name="Test 1">RobotProject1 FirstScript.Test 1</stat>
<stat pass="2" fail="0" id="s1-s1-s1" name="TestSuite 1">RobotProject1 FirstScript.Test 1.TestSuite 1</stat>
</suite>
</statistics>
<errors>
</errors>
</robot>
