<?xml version="1.0" encoding="UTF-8"?>
<robot generator="Robot 3.2.2 (Python 3.9.1 on win32)" generated="20210425 13:06:08.646" rpa="false">
<suite id="s1" name="RobotProject5 Tags" source="D:\eclipse-workspace\RobotProject5_Tags">
<suite id="s1-s1" name="Test 5" source="D:\eclipse-workspace\RobotProject5_Tags\Test_5">
<suite id="s1-s1-s1" name="TestSuite 5" source="D:\eclipse-workspace\RobotProject5_Tags\Test_5\TestSuite_5.robot">
<kw name="Log" library="BuiltIn" type="setup">
<doc>Logs the given message with the given level.</doc>
<arguments>
<arg>From Test Suite Setup</arg>
</arguments>
<msg timestamp="20210425 13:06:09.196" level="INFO">From Test Suite Setup</msg>
<status status="PASS" starttime="20210425 13:06:09.195" endtime="20210425 13:06:09.196"></status>
</kw>
<test id="s1-s1-s1-t1" name="FirstTC">
<kw name="Log" library="BuiltIn" type="setup">
<doc>Logs the given message with the given level.</doc>
<arguments>
<arg>From Test Setup</arg>
</arguments>
<msg timestamp="20210425 13:06:09.198" level="INFO">From Test Setup</msg>
<status status="PASS" starttime="20210425 13:06:09.197" endtime="20210425 13:06:09.198"></status>
</kw>
<kw name="Log" library="BuiltIn">
<doc>Logs the given message with the given level.</doc>
<arguments>
<arg>From 1st</arg>
</arguments>
<msg timestamp="20210425 13:06:09.200" level="INFO">From 1st</msg>
<status status="PASS" starttime="20210425 13:06:09.198" endtime="20210425 13:06:09.200"></status>
</kw>
<kw name="Log" library="BuiltIn" type="teardown">
<doc>Logs the given message with the given level.</doc>
<arguments>
<arg>From Test Teardown</arg>
</arguments>
<msg timestamp="20210425 13:06:09.201" level="INFO">From Test Teardown</msg>
<status status="PASS" starttime="20210425 13:06:09.200" endtime="20210425 13:06:09.201"></status>
</kw>
<tags>
<tag>Smoke</tag>
</tags>
<status status="PASS" starttime="20210425 13:06:09.196" endtime="20210425 13:06:09.201" critical="yes"></status>
</test>
<test id="s1-s1-s1-t2" name="SecondTC">
<kw name="Log" library="BuiltIn" type="setup">
<doc>Logs the given message with the given level.</doc>
<arguments>
<arg>From Test Setup</arg>
</arguments>
<msg timestamp="20210425 13:06:09.203" level="INFO">From Test Setup</msg>
<status status="PASS" starttime="20210425 13:06:09.203" endtime="20210425 13:06:09.203"></status>
</kw>
<kw name="Log" library="BuiltIn">
<doc>Logs the given message with the given level.</doc>
<arguments>
<arg>From 2nd</arg>
</arguments>
<msg timestamp="20210425 13:06:09.204" level="INFO">From 2nd</msg>
<status status="PASS" starttime="20210425 13:06:09.204" endtime="20210425 13:06:09.204"></status>
</kw>
<kw name="Set Tags" library="BuiltIn">
<doc>Adds given ``tags`` for the current test or all tests in a suite.</doc>
<arguments>
<arg>Regression 1</arg>
</arguments>
<msg timestamp="20210425 13:06:09.205" level="INFO">Set tag 'Regression 1'.</msg>
<status status="PASS" starttime="20210425 13:06:09.205" endtime="20210425 13:06:09.206"></status>
</kw>
<kw name="Remove Tags" library="BuiltIn">
<doc>Removes given ``tags`` from the current test or all tests in a suite.</doc>
<arguments>
<arg>Regression 1</arg>
</arguments>
<msg timestamp="20210425 13:06:09.207" level="INFO">Removed tag 'Regression 1'.</msg>
<status status="PASS" starttime="20210425 13:06:09.206" endtime="20210425 13:06:09.207"></status>
</kw>
<kw name="Log" library="BuiltIn" type="teardown">
<doc>Logs the given message with the given level.</doc>
<arguments>
<arg>From Test Teardown</arg>
</arguments>
<msg timestamp="20210425 13:06:09.208" level="INFO">From Test Teardown</msg>
<status status="PASS" starttime="20210425 13:06:09.207" endtime="20210425 13:06:09.208"></status>
</kw>
<tags>
<tag>Sanity</tag>
</tags>
<status status="PASS" starttime="20210425 13:06:09.202" endtime="20210425 13:06:09.208" critical="yes"></status>
</test>
<test id="s1-s1-s1-t3" name="ThirdTC">
<kw name="Log" library="BuiltIn" type="setup">
<doc>Logs the given message with the given level.</doc>
<arguments>
<arg>From Test Setup</arg>
</arguments>
<msg timestamp="20210425 13:06:09.210" level="INFO">From Test Setup</msg>
<status status="PASS" starttime="20210425 13:06:09.209" endtime="20210425 13:06:09.210"></status>
</kw>
<kw name="Log" library="BuiltIn">
<doc>Logs the given message with the given level.</doc>
<arguments>
<arg>From 3rd</arg>
</arguments>
<msg timestamp="20210425 13:06:09.211" level="INFO">From 3rd</msg>
<status status="PASS" starttime="20210425 13:06:09.210" endtime="20210425 13:06:09.211"></status>
</kw>
<kw name="Log" library="BuiltIn" type="teardown">
<doc>Logs the given message with the given level.</doc>
<arguments>
<arg>From Test Teardown</arg>
</arguments>
<msg timestamp="20210425 13:06:09.212" level="INFO">From Test Teardown</msg>
<status status="PASS" starttime="20210425 13:06:09.211" endtime="20210425 13:06:09.212"></status>
</kw>
<tags>
<tag>Sanity</tag>
</tags>
<status status="PASS" starttime="20210425 13:06:09.209" endtime="20210425 13:06:09.212" critical="yes"></status>
</test>
<kw name="Log" library="BuiltIn" type="teardown">
<doc>Logs the given message with the given level.</doc>
<arguments>
<arg>From Test Suite Teardown</arg>
</arguments>
<msg timestamp="20210425 13:06:09.213" level="INFO">From Test Suite Teardown</msg>
<status status="PASS" starttime="20210425 13:06:09.213" endtime="20210425 13:06:09.214"></status>
</kw>
<status status="PASS" starttime="20210425 13:06:08.843" endtime="20210425 13:06:09.214"></status>
</suite>
<status status="PASS" starttime="20210425 13:06:08.836" endtime="20210425 13:06:09.216"></status>
</suite>
<status status="PASS" starttime="20210425 13:06:08.802" endtime="20210425 13:06:09.218"></status>
</suite>
<statistics>
<total>
<stat pass="3" fail="0">Critical Tests</stat>
<stat pass="3" fail="0">All Tests</stat>
</total>
<tag>
<stat pass="2" fail="0">Sanity</stat>
<stat pass="1" fail="0">Smoke</stat>
</tag>
<suite>
<stat pass="3" fail="0" id="s1" name="RobotProject5 Tags">RobotProject5 Tags</stat>
<stat pass="3" fail="0" id="s1-s1" name="Test 5">RobotProject5 Tags.Test 5</stat>
<stat pass="3" fail="0" id="s1-s1-s1" name="TestSuite 5">RobotProject5 Tags.Test 5.TestSuite 5</stat>
</suite>
</statistics>
<errors>
</errors>
</robot>
