<?xml version="1.0" encoding="UTF-8"?>
<robot generator="Robot 3.2.2 (Python 3.9.1 on win32)" generated="20210228 01:34:25.609" rpa="false">
<suite id="s1" name="RobotProject3 Variables" source="D:\eclipse-workspace\RobotProject3_Variables">
<suite id="s1-s1" name="Test 3" source="D:\eclipse-workspace\RobotProject3_Variables\Test_3">
<suite id="s1-s1-s1" name="TestSuite 3" source="D:\eclipse-workspace\RobotProject3_Variables\Test_3\TestSuite_3.robot">
<test id="s1-s1-s1-t1" name="SampleLoginTest">
<kw name="Open Browser" library="SeleniumLibrary">
<doc>Opens a new browser instance to the optional ``url``.</doc>
<arguments>
<arg>${URL}</arg>
<arg>chrome</arg>
</arguments>
<msg timestamp="20210228 01:34:25.918" level="INFO">Opening browser 'chrome' to base url 'https://opensource-demo.orangehrmlive.com/'.</msg>
<status status="PASS" starttime="20210228 01:34:25.917" endtime="20210228 01:34:30.888"></status>
</kw>
<kw name="Set Browser Implicit Wait" library="SeleniumLibrary">
<doc>Sets the implicit wait value used by Selenium.</doc>
<arguments>
<arg>5</arg>
</arguments>
<status status="PASS" starttime="20210228 01:34:30.888" endtime="20210228 01:34:30.891"></status>
</kw>
<kw name="LoginKW">
<kw name="Input Text" library="SeleniumLibrary">
<doc>Types the given ``text`` into the text field identified by ``locator``.</doc>
<arguments>
<arg>id=txtUsername</arg>
<arg>@{CREDENTIALS}[0]</arg>
</arguments>
<msg timestamp="20210228 01:34:30.893" level="WARN">Accessing variable items using '@{CREDENTIALS}[0]' syntax is deprecated. Use '${CREDENTIALS}[0]' instead.</msg>
<msg timestamp="20210228 01:34:30.893" level="INFO">Typing text 'Admin' into text field 'id=txtUsername'.</msg>
<status status="PASS" starttime="20210228 01:34:30.892" endtime="20210228 01:34:31.006"></status>
</kw>
<kw name="Input Password" library="SeleniumLibrary">
<doc>Types the given password into the text field identified by ``locator``.</doc>
<arguments>
<arg>id=txtPassword</arg>
<arg>&amp;{LOGINDATA}[password]</arg>
</arguments>
<msg timestamp="20210228 01:34:31.007" level="WARN">Accessing variable items using '&amp;{LOGINDATA}[password]' syntax is deprecated. Use '${LOGINDATA}[password]' instead.</msg>
<msg timestamp="20210228 01:34:31.008" level="INFO">Typing password into text field 'id=txtPassword'.</msg>
<msg timestamp="20210228 01:34:31.050" level="INFO">Temporally setting log level to: NONE</msg>
<msg timestamp="20210228 01:34:31.097" level="INFO">Log level changed from NONE to INFO.</msg>
<status status="PASS" starttime="20210228 01:34:31.007" endtime="20210228 01:34:31.098"></status>
</kw>
<kw name="Click Button" library="SeleniumLibrary">
<doc>Clicks the button identified by ``locator``.</doc>
<arguments>
<arg>id=btnLogin</arg>
</arguments>
<msg timestamp="20210228 01:34:31.099" level="INFO">Clicking button 'id=btnLogin'.</msg>
<status status="PASS" starttime="20210228 01:34:31.098" endtime="20210228 01:34:34.997"></status>
</kw>
<status status="PASS" starttime="20210228 01:34:30.892" endtime="20210228 01:34:34.998"></status>
</kw>
<kw name="Click Element" library="SeleniumLibrary">
<doc>Click the element identified by ``locator``.</doc>
<arguments>
<arg>id=welcome</arg>
</arguments>
<msg timestamp="20210228 01:34:34.999" level="INFO">Clicking element 'id=welcome'.</msg>
<status status="PASS" starttime="20210228 01:34:34.998" endtime="20210228 01:34:35.057"></status>
</kw>
<kw name="Click Element" library="SeleniumLibrary">
<doc>Click the element identified by ``locator``.</doc>
<arguments>
<arg>link=Logout</arg>
</arguments>
<msg timestamp="20210228 01:34:35.058" level="INFO">Clicking element 'link=Logout'.</msg>
<status status="PASS" starttime="20210228 01:34:35.057" endtime="20210228 01:34:36.184"></status>
</kw>
<kw name="Sleep" library="BuiltIn">
<doc>Pauses the test executed for the given time.</doc>
<arguments>
<arg>2</arg>
</arguments>
<msg timestamp="20210228 01:34:38.198" level="INFO">Slept 2 seconds</msg>
<status status="PASS" starttime="20210228 01:34:36.185" endtime="20210228 01:34:38.198"></status>
</kw>
<kw name="Log" library="BuiltIn">
<doc>Logs the given message with the given level.</doc>
<arguments>
<arg>Login Test Completed</arg>
</arguments>
<msg timestamp="20210228 01:34:38.199" level="INFO">Login Test Completed</msg>
<status status="PASS" starttime="20210228 01:34:38.199" endtime="20210228 01:34:38.199"></status>
</kw>
<kw name="Log" library="BuiltIn">
<doc>Logs the given message with the given level.</doc>
<arguments>
<arg>Test was executed by %{username} on %{os}</arg>
</arguments>
<msg timestamp="20210228 01:34:38.199" level="INFO">Test was executed by Vaibhav Oza on Windows_NT</msg>
<status status="PASS" starttime="20210228 01:34:38.199" endtime="20210228 01:34:38.199"></status>
</kw>
<kw name="Close Browser" library="SeleniumLibrary">
<doc>Closes the current browser.</doc>
<status status="PASS" starttime="20210228 01:34:38.200" endtime="20210228 01:34:40.391"></status>
</kw>
<kw name="Log" library="BuiltIn">
<doc>Logs the given message with the given level.</doc>
<arguments>
<arg>Browser closed</arg>
</arguments>
<msg timestamp="20210228 01:34:40.392" level="INFO">Browser closed</msg>
<status status="PASS" starttime="20210228 01:34:40.391" endtime="20210228 01:34:40.393"></status>
</kw>
<doc>This is a simple login test</doc>
<status status="PASS" starttime="20210228 01:34:25.916" endtime="20210228 01:34:40.393" critical="yes"></status>
</test>
<status status="PASS" starttime="20210228 01:34:25.695" endtime="20210228 01:34:40.394"></status>
</suite>
<status status="PASS" starttime="20210228 01:34:25.691" endtime="20210228 01:34:40.397"></status>
</suite>
<status status="PASS" starttime="20210228 01:34:25.662" endtime="20210228 01:34:40.398"></status>
</suite>
<statistics>
<total>
<stat pass="1" fail="0">Critical Tests</stat>
<stat pass="1" fail="0">All Tests</stat>
</total>
<tag>
</tag>
<suite>
<stat pass="1" fail="0" id="s1" name="RobotProject3 Variables">RobotProject3 Variables</stat>
<stat pass="1" fail="0" id="s1-s1" name="Test 3">RobotProject3 Variables.Test 3</stat>
<stat pass="1" fail="0" id="s1-s1-s1" name="TestSuite 3">RobotProject3 Variables.Test 3.TestSuite 3</stat>
</suite>
</statistics>
<errors>
<msg timestamp="20210228 01:34:30.893" level="WARN">Accessing variable items using '@{CREDENTIALS}[0]' syntax is deprecated. Use '${CREDENTIALS}[0]' instead.</msg>
<msg timestamp="20210228 01:34:31.007" level="WARN">Accessing variable items using '&amp;{LOGINDATA}[password]' syntax is deprecated. Use '${LOGINDATA}[password]' instead.</msg>
</errors>
</robot>
