<?xml version="1.0" encoding="UTF-8"?>
<robot generator="Robot 3.2.2 (Python 3.9.1 on win32)" generated="20210228 01:51:59.748" rpa="false">
<suite id="s1" name="RobotProject4 SuiteSetup&amp;Teardown" source="D:\eclipse-workspace\RobotProject4_SuiteSetup&amp;Teardown">
<suite id="s1-s1" name="Test 4" source="D:\eclipse-workspace\RobotProject4_SuiteSetup&amp;Teardown\Test_4">
<suite id="s1-s1-s1" name="TestSuite 4" source="D:\eclipse-workspace\RobotProject4_SuiteSetup&amp;Teardown\Test_4\TestSuite_4.robot">
<kw name="Log" library="BuiltIn" type="setup">
<doc>Logs the given message with the given level.</doc>
<arguments>
<arg>From Test Suite Setup</arg>
</arguments>
<msg timestamp="20210228 01:52:00.064" level="INFO">From Test Suite Setup</msg>
<status status="PASS" starttime="20210228 01:52:00.063" endtime="20210228 01:52:00.064"></status>
</kw>
<test id="s1-s1-s1-t1" name="SampleLoginTest">
<kw name="Log" library="BuiltIn" type="setup">
<doc>Logs the given message with the given level.</doc>
<arguments>
<arg>From Test Setup</arg>
</arguments>
<msg timestamp="20210228 01:52:00.065" level="INFO">From Test Setup</msg>
<status status="PASS" starttime="20210228 01:52:00.065" endtime="20210228 01:52:00.065"></status>
</kw>
<kw name="Open Browser" library="SeleniumLibrary">
<doc>Opens a new browser instance to the optional ``url``.</doc>
<arguments>
<arg>${URL}</arg>
<arg>chrome</arg>
</arguments>
<msg timestamp="20210228 01:52:00.066" level="INFO">Opening browser 'chrome' to base url 'https://opensource-demo.orangehrmlive.com/'.</msg>
<status status="PASS" starttime="20210228 01:52:00.066" endtime="20210228 01:52:07.345"></status>
</kw>
<kw name="Set Browser Implicit Wait" library="SeleniumLibrary">
<doc>Sets the implicit wait value used by Selenium.</doc>
<arguments>
<arg>5</arg>
</arguments>
<status status="PASS" starttime="20210228 01:52:07.346" endtime="20210228 01:52:07.349"></status>
</kw>
<kw name="LoginKW">
<kw name="Input Text" library="SeleniumLibrary">
<doc>Types the given ``text`` into the text field identified by ``locator``.</doc>
<arguments>
<arg>id=txtUsername</arg>
<arg>@{CREDENTIALS}[0]</arg>
</arguments>
<msg timestamp="20210228 01:52:07.351" level="WARN">Accessing variable items using '@{CREDENTIALS}[0]' syntax is deprecated. Use '${CREDENTIALS}[0]' instead.</msg>
<msg timestamp="20210228 01:52:07.352" level="INFO">Typing text 'Admin' into text field 'id=txtUsername'.</msg>
<status status="PASS" starttime="20210228 01:52:07.351" endtime="20210228 01:52:07.478"></status>
</kw>
<kw name="Input Password" library="SeleniumLibrary">
<doc>Types the given password into the text field identified by ``locator``.</doc>
<arguments>
<arg>id=txtPassword</arg>
<arg>&amp;{LOGINDATA}[password]</arg>
</arguments>
<msg timestamp="20210228 01:52:07.478" level="WARN">Accessing variable items using '&amp;{LOGINDATA}[password]' syntax is deprecated. Use '${LOGINDATA}[password]' instead.</msg>
<msg timestamp="20210228 01:52:07.479" level="INFO">Typing password into text field 'id=txtPassword'.</msg>
<msg timestamp="20210228 01:52:07.521" level="INFO">Temporally setting log level to: NONE</msg>
<msg timestamp="20210228 01:52:07.565" level="INFO">Log level changed from NONE to INFO.</msg>
<status status="PASS" starttime="20210228 01:52:07.478" endtime="20210228 01:52:07.566"></status>
</kw>
<kw name="Click Button" library="SeleniumLibrary">
<doc>Clicks the button identified by ``locator``.</doc>
<arguments>
<arg>id=btnLogin</arg>
</arguments>
<msg timestamp="20210228 01:52:07.567" level="INFO">Clicking button 'id=btnLogin'.</msg>
<status status="PASS" starttime="20210228 01:52:07.566" endtime="20210228 01:52:11.178"></status>
</kw>
<status status="PASS" starttime="20210228 01:52:07.350" endtime="20210228 01:52:11.179"></status>
</kw>
<kw name="Click Element" library="SeleniumLibrary">
<doc>Click the element identified by ``locator``.</doc>
<arguments>
<arg>id=welcome</arg>
</arguments>
<msg timestamp="20210228 01:52:11.180" level="INFO">Clicking element 'id=welcome'.</msg>
<status status="PASS" starttime="20210228 01:52:11.179" endtime="20210228 01:52:11.235"></status>
</kw>
<kw name="Click Element" library="SeleniumLibrary">
<doc>Click the element identified by ``locator``.</doc>
<arguments>
<arg>link=Logout</arg>
</arguments>
<msg timestamp="20210228 01:52:11.236" level="INFO">Clicking element 'link=Logout'.</msg>
<status status="PASS" starttime="20210228 01:52:11.235" endtime="20210228 01:52:12.203"></status>
</kw>
<kw name="Sleep" library="BuiltIn">
<doc>Pauses the test executed for the given time.</doc>
<arguments>
<arg>2</arg>
</arguments>
<msg timestamp="20210228 01:52:14.221" level="INFO">Slept 2 seconds</msg>
<status status="PASS" starttime="20210228 01:52:12.204" endtime="20210228 01:52:14.221"></status>
</kw>
<kw name="Log" library="BuiltIn">
<doc>Logs the given message with the given level.</doc>
<arguments>
<arg>Login Test Completed</arg>
</arguments>
<msg timestamp="20210228 01:52:14.223" level="INFO">Login Test Completed</msg>
<status status="PASS" starttime="20210228 01:52:14.222" endtime="20210228 01:52:14.223"></status>
</kw>
<kw name="Log" library="BuiltIn">
<doc>Logs the given message with the given level.</doc>
<arguments>
<arg>Test was executed by %{username} on %{os}</arg>
</arguments>
<msg timestamp="20210228 01:52:14.224" level="INFO">Test was executed by Vaibhav Oza on Windows_NT</msg>
<status status="PASS" starttime="20210228 01:52:14.224" endtime="20210228 01:52:14.224"></status>
</kw>
<kw name="Close Browser" library="SeleniumLibrary">
<doc>Closes the current browser.</doc>
<status status="PASS" starttime="20210228 01:52:14.225" endtime="20210228 01:52:16.382"></status>
</kw>
<kw name="Log" library="BuiltIn">
<doc>Logs the given message with the given level.</doc>
<arguments>
<arg>Browser closed</arg>
</arguments>
<msg timestamp="20210228 01:52:16.383" level="INFO">Browser closed</msg>
<status status="PASS" starttime="20210228 01:52:16.382" endtime="20210228 01:52:16.383"></status>
</kw>
<kw name="Log" library="BuiltIn" type="teardown">
<doc>Logs the given message with the given level.</doc>
<arguments>
<arg>From Test Teardown</arg>
</arguments>
<msg timestamp="20210228 01:52:16.384" level="INFO">From Test Teardown</msg>
<status status="PASS" starttime="20210228 01:52:16.384" endtime="20210228 01:52:16.384"></status>
</kw>
<doc>This is a simple login test</doc>
<status status="PASS" starttime="20210228 01:52:00.064" endtime="20210228 01:52:16.385" critical="yes"></status>
</test>
<kw name="Log" library="BuiltIn" type="teardown">
<doc>Logs the given message with the given level.</doc>
<arguments>
<arg>From Test Suite Teardown</arg>
</arguments>
<msg timestamp="20210228 01:52:16.386" level="INFO">From Test Suite Teardown</msg>
<status status="PASS" starttime="20210228 01:52:16.386" endtime="20210228 01:52:16.387"></status>
</kw>
<status status="PASS" starttime="20210228 01:51:59.830" endtime="20210228 01:52:16.387"></status>
</suite>
<status status="PASS" starttime="20210228 01:51:59.823" endtime="20210228 01:52:16.391"></status>
</suite>
<status status="PASS" starttime="20210228 01:51:59.797" endtime="20210228 01:52:16.394"></status>
</suite>
<statistics>
<total>
<stat pass="1" fail="0">Critical Tests</stat>
<stat pass="1" fail="0">All Tests</stat>
</total>
<tag>
</tag>
<suite>
<stat pass="1" fail="0" id="s1" name="RobotProject4 SuiteSetup&amp;Teardown">RobotProject4 SuiteSetup&amp;Teardown</stat>
<stat pass="1" fail="0" id="s1-s1" name="Test 4">RobotProject4 SuiteSetup&amp;Teardown.Test 4</stat>
<stat pass="1" fail="0" id="s1-s1-s1" name="TestSuite 4">RobotProject4 SuiteSetup&amp;Teardown.Test 4.TestSuite 4</stat>
</suite>
</statistics>
<errors>
<msg timestamp="20210228 01:52:07.351" level="WARN">Accessing variable items using '@{CREDENTIALS}[0]' syntax is deprecated. Use '${CREDENTIALS}[0]' instead.</msg>
<msg timestamp="20210228 01:52:07.478" level="WARN">Accessing variable items using '&amp;{LOGINDATA}[password]' syntax is deprecated. Use '${LOGINDATA}[password]' instead.</msg>
</errors>
</robot>
