<?xml version="1.0" encoding="UTF-8"?>
<robot generator="Robot 3.2.2 (Python 3.9.1 on win32)" generated="20210227 16:00:59.260" rpa="false">
<suite id="s1" name="RobotProject2" source="D:\eclipse-workspace\RobotProject2">
<suite id="s1-s1" name="Test 2" source="D:\eclipse-workspace\RobotProject2\Test_2">
<suite id="s1-s1-s1" name="TestSuite 2" source="D:\eclipse-workspace\RobotProject2\Test_2\TestSuite_2.robot">
<test id="s1-s1-s1-t1" name="SampleLoginTest">
<kw name="Open Browser" library="SeleniumLibrary">
<doc>Opens a new browser instance to the optional ``url``.</doc>
<arguments>
<arg>https://opensource-demo.orangehrmlive.com/</arg>
<arg>chrome</arg>
</arguments>
<msg timestamp="20210227 16:00:59.591" level="INFO">Opening browser 'chrome' to base url 'https://opensource-demo.orangehrmlive.com/'.</msg>
<status status="PASS" starttime="20210227 16:00:59.591" endtime="20210227 16:01:04.615"></status>
</kw>
<kw name="Set Browser Implicit Wait" library="SeleniumLibrary">
<doc>Sets the implicit wait value used by Selenium.</doc>
<arguments>
<arg>5</arg>
</arguments>
<status status="PASS" starttime="20210227 16:01:04.615" endtime="20210227 16:01:04.618"></status>
</kw>
<kw name="Input Text" library="SeleniumLibrary">
<doc>Types the given ``text`` into the text field identified by ``locator``.</doc>
<arguments>
<arg>id=txtUsername</arg>
<arg>Admin</arg>
</arguments>
<msg timestamp="20210227 16:01:04.619" level="INFO">Typing text 'Admin' into text field 'id=txtUsername'.</msg>
<status status="PASS" starttime="20210227 16:01:04.618" endtime="20210227 16:01:04.716"></status>
</kw>
<kw name="Input Text" library="SeleniumLibrary">
<doc>Types the given ``text`` into the text field identified by ``locator``.</doc>
<arguments>
<arg>id=txtPassword</arg>
<arg>admin123</arg>
</arguments>
<msg timestamp="20210227 16:01:04.717" level="INFO">Typing text 'admin123' into text field 'id=txtPassword'.</msg>
<status status="PASS" starttime="20210227 16:01:04.716" endtime="20210227 16:01:04.807"></status>
</kw>
<kw name="Click Button" library="SeleniumLibrary">
<doc>Clicks the button identified by ``locator``.</doc>
<arguments>
<arg>id=btnLogin</arg>
</arguments>
<msg timestamp="20210227 16:01:04.808" level="INFO">Clicking button 'id=btnLogin'.</msg>
<status status="PASS" starttime="20210227 16:01:04.807" endtime="20210227 16:01:08.414"></status>
</kw>
<kw name="Click Element" library="SeleniumLibrary">
<doc>Click the element identified by ``locator``.</doc>
<arguments>
<arg>id=welcome</arg>
</arguments>
<msg timestamp="20210227 16:01:08.416" level="INFO">Clicking element 'id=welcome'.</msg>
<status status="PASS" starttime="20210227 16:01:08.415" endtime="20210227 16:01:08.469"></status>
</kw>
<kw name="Click Element" library="SeleniumLibrary">
<doc>Click the element identified by ``locator``.</doc>
<arguments>
<arg>link=Logout</arg>
</arguments>
<msg timestamp="20210227 16:01:08.470" level="INFO">Clicking element 'link=Logout'.</msg>
<status status="PASS" starttime="20210227 16:01:08.469" endtime="20210227 16:01:09.602"></status>
</kw>
<kw name="Sleep" library="BuiltIn">
<doc>Pauses the test executed for the given time.</doc>
<arguments>
<arg>2</arg>
</arguments>
<msg timestamp="20210227 16:01:11.608" level="INFO">Slept 2 seconds</msg>
<status status="PASS" starttime="20210227 16:01:09.603" endtime="20210227 16:01:11.608"></status>
</kw>
<kw name="Log" library="BuiltIn">
<doc>Logs the given message with the given level.</doc>
<arguments>
<arg>Login Test Completed</arg>
</arguments>
<msg timestamp="20210227 16:01:11.609" level="INFO">Login Test Completed</msg>
<status status="PASS" starttime="20210227 16:01:11.608" endtime="20210227 16:01:11.609"></status>
</kw>
<kw name="Close Browser" library="SeleniumLibrary">
<doc>Closes the current browser.</doc>
<status status="PASS" starttime="20210227 16:01:11.610" endtime="20210227 16:01:13.773"></status>
</kw>
<kw name="Log" library="BuiltIn">
<doc>Logs the given message with the given level.</doc>
<arguments>
<arg>Browser closed</arg>
</arguments>
<msg timestamp="20210227 16:01:13.773" level="INFO">Browser closed</msg>
<status status="PASS" starttime="20210227 16:01:13.773" endtime="20210227 16:01:13.773"></status>
</kw>
<doc>This is a simple login test</doc>
<status status="PASS" starttime="20210227 16:00:59.590" endtime="20210227 16:01:13.774" critical="yes"></status>
</test>
<status status="PASS" starttime="20210227 16:00:59.338" endtime="20210227 16:01:13.775"></status>
</suite>
<status status="PASS" starttime="20210227 16:00:59.333" endtime="20210227 16:01:13.776"></status>
</suite>
<status status="PASS" starttime="20210227 16:00:59.307" endtime="20210227 16:01:13.778"></status>
</suite>
<statistics>
<total>
<stat pass="1" fail="0">Critical Tests</stat>
<stat pass="1" fail="0">All Tests</stat>
</total>
<tag>
</tag>
<suite>
<stat pass="1" fail="0" id="s1" name="RobotProject2">RobotProject2</stat>
<stat pass="1" fail="0" id="s1-s1" name="Test 2">RobotProject2.Test 2</stat>
<stat pass="1" fail="0" id="s1-s1-s1" name="TestSuite 2">RobotProject2.Test 2.TestSuite 2</stat>
</suite>
</statistics>
<errors>
</errors>
</robot>
